This file contains any messages produced by compilers while
running configure, to aid debugging if configure makes a mistake.

It was created by configure, which was
generated by GNU Autoconf 2.71.  Invocation command line was

  $ ./configure

## --------- ##
## Platform. ##
## --------- ##

hostname = mac-mini.local
uname -m = arm64
uname -r = 23.3.0
uname -s = Darwin
uname -v = Darwin Kernel Version 23.3.0: Wed Dec 20 21:33:31 PST 2023; root:xnu-10002.81.5~7/RELEASE_ARM64_T8112

/usr/bin/uname -p = arm
/bin/uname -X     = unknown

/bin/arch              = unknown
/usr/bin/arch -k       = unknown
/usr/convex/getsysinfo = unknown
/usr/bin/hostinfo      = Mach kernel version:
	 Darwin Kernel Version 23.3.0: Wed Dec 20 21:33:31 PST 2023; root:xnu-10002.81.5~7/RELEASE_ARM64_T8112
Kernel configured for up to 8 processors.
8 processors are physically available.
8 processors are logically available.
Processor type: arm64e (ARM64E)
Processors active: 0 1 2 3 4 5 6 7
Primary memory available: 8.00 gigabytes
Default processor set: 323 tasks, 1712 threads, 8 processors
Load average: 2.48, Mach factor: 5.51
/bin/machine           = unknown
/usr/bin/oslevel       = unknown
/bin/universe          = unknown

PATH: /opt/homebrew/bin/
PATH: /opt/homebrew/sbin/
PATH: /usr/local/bin/
PATH: /System/Cryptexes/App/usr/bin/
PATH: /usr/bin/
PATH: /bin/
PATH: /usr/sbin/
PATH: /sbin/
PATH: /var/run/com.apple.security.cryptexd/codex.system/bootstrap/usr/local/bin/
PATH: /var/run/com.apple.security.cryptexd/codex.system/bootstrap/usr/bin/
PATH: /var/run/com.apple.security.cryptexd/codex.system/bootstrap/usr/appleinternal/bin/
PATH: /opt/homebrew/bin/
PATH: /opt/homebrew/sbin/


## ----------- ##
## Core tests. ##
## ----------- ##

configure:2272: looking for aux files: install-sh
configure:2285:  trying ./
configure:2299:   ./install.sh found
configure:2491: checking for gcc
configure:2512: found /usr/bin/gcc
configure:2523: result: gcc
configure:2876: checking for C compiler version
configure:2885: gcc --version >&5
Apple clang version 15.0.0 (clang-1500.1.0.2.5)
Target: arm64-apple-darwin23.3.0
Thread model: posix
InstalledDir: /Library/Developer/CommandLineTools/usr/bin
configure:2896: $? = 0
configure:2885: gcc -v >&5
Apple clang version 15.0.0 (clang-1500.1.0.2.5)
Target: arm64-apple-darwin23.3.0
Thread model: posix
InstalledDir: /Library/Developer/CommandLineTools/usr/bin
configure:2896: $? = 0
configure:2885: gcc -V >&5
clang: error: argument to '-V' is missing (expected 1 value)
clang: error: no input files
configure:2896: $? = 1
configure:2885: gcc -qversion >&5
clang: error: unknown argument '-qversion'; did you mean '--version'?
clang: error: no input files
configure:2896: $? = 1
configure:2885: gcc -version >&5
clang: error: unknown argument '-version'; did you mean '--version'?
clang: error: no input files
configure:2896: $? = 1
configure:2916: checking whether the C compiler works
configure:2938: gcc    conftest.c  >&5
configure:2942: $? = 0
configure:2992: result: yes
configure:2995: checking for C compiler default output file name
configure:2997: result: a.out
configure:3003: checking for suffix of executables
configure:3010: gcc -o conftest    conftest.c  >&5
configure:3014: $? = 0
configure:3037: result: 
configure:3059: checking whether we are cross compiling
configure:3067: gcc -o conftest    conftest.c  >&5
configure:3071: $? = 0
configure:3078: ./conftest
configure:3082: $? = 0
configure:3097: result: no
configure:3102: checking for suffix of object files
configure:3125: gcc -c   conftest.c >&5
configure:3129: $? = 0
configure:3151: result: o
configure:3155: checking whether the compiler supports GNU C
configure:3175: gcc -c   conftest.c >&5
configure:3175: $? = 0
configure:3185: result: yes
configure:3196: checking whether gcc accepts -g
configure:3217: gcc -c -g  conftest.c >&5
configure:3217: $? = 0
configure:3261: result: yes
configure:3281: checking for gcc option to enable C11 features
configure:3296: gcc  -c -g -O2  conftest.c >&5
conftest.c:23:14: warning: a function definition without a prototype is deprecated in all versions of C and is not supported in C2x [-Wdeprecated-non-prototype]
static char *e (p, i)
             ^
1 warning generated.
configure:3296: $? = 0
configure:3314: result: none needed
configure:3440: checking for a BSD-compatible install
configure:3513: result: /usr/bin/install -c
configure:3529: checking for stdio.h
configure:3529: gcc -c -g -O2  conftest.c >&5
configure:3529: $? = 0
configure:3529: result: yes
configure:3529: checking for stdlib.h
configure:3529: gcc -c -g -O2  conftest.c >&5
configure:3529: $? = 0
configure:3529: result: yes
configure:3529: checking for string.h
configure:3529: gcc -c -g -O2  conftest.c >&5
configure:3529: $? = 0
configure:3529: result: yes
configure:3529: checking for inttypes.h
configure:3529: gcc -c -g -O2  conftest.c >&5
configure:3529: $? = 0
configure:3529: result: yes
configure:3529: checking for stdint.h
configure:3529: gcc -c -g -O2  conftest.c >&5
configure:3529: $? = 0
configure:3529: result: yes
configure:3529: checking for strings.h
configure:3529: gcc -c -g -O2  conftest.c >&5
configure:3529: $? = 0
configure:3529: result: yes
configure:3529: checking for sys/stat.h
configure:3529: gcc -c -g -O2  conftest.c >&5
configure:3529: $? = 0
configure:3529: result: yes
configure:3529: checking for sys/types.h
configure:3529: gcc -c -g -O2  conftest.c >&5
configure:3529: $? = 0
configure:3529: result: yes
configure:3529: checking for unistd.h
configure:3529: gcc -c -g -O2  conftest.c >&5
configure:3529: $? = 0
configure:3529: result: yes
configure:3554: checking whether byte ordering is bigendian
configure:3570: gcc -c -g -O2  conftest.c >&5
configure:3570: $? = 0
configure:3616: gcc -c -g -O2  conftest.c >&5
configure:3616: $? = 0
configure:3635: gcc -c -g -O2  conftest.c >&5
conftest.c:26:4: error: use of undeclared identifier 'not'
                 not big endian
                 ^
1 error generated.
configure:3635: $? = 1
configure: failed program was:
| /* confdefs.h */
| #define PACKAGE_NAME ""
| #define PACKAGE_TARNAME ""
| #define PACKAGE_VERSION ""
| #define PACKAGE_STRING ""
| #define PACKAGE_BUGREPORT ""
| #define PACKAGE_URL ""
| #define HAVE_STDIO_H 1
| #define HAVE_STDLIB_H 1
| #define HAVE_STRING_H 1
| #define HAVE_INTTYPES_H 1
| #define HAVE_STDINT_H 1
| #define HAVE_STRINGS_H 1
| #define HAVE_SYS_STAT_H 1
| #define HAVE_SYS_TYPES_H 1
| #define HAVE_UNISTD_H 1
| #define STDC_HEADERS 1
| /* end confdefs.h.  */
| #include <sys/types.h>
| 		#include <sys/param.h>
| 
| int
| main (void)
| {
| #if BYTE_ORDER != BIG_ENDIAN
| 		 not big endian
| 		#endif
| 
|   ;
|   return 0;
| }
configure:3769: result: no
configure:3821: checking CPU type
configure:3898: checking Operating System
configure:3927: checking for main in -ldl
configure:3947: clang -o conftest -I.    conftest.c -ldl   >&5
configure:3947: $? = 0
configure:3957: result: yes
configure:3967: checking for math.h
configure:3967: clang -c -I.   conftest.c >&5
configure:3967: $? = 0
configure:3967: result: yes
configure:3974: checking for main in -lm
configure:3994: clang -o conftest -I.    conftest.c -lm   -ldl >&5
configure:3994: $? = 0
configure:4004: result: yes
configure:4012: checking for iconv.h
configure:4012: clang -c -I.   conftest.c >&5
configure:4012: $? = 0
configure:4012: result: yes
configure:4020: checking for pcre.h
configure:4020: clang -c -I.   conftest.c >&5
conftest.c:50:10: fatal error: 'pcre.h' file not found
#include <pcre.h>
         ^~~~~~~~
1 error generated.
configure:4020: $? = 1
configure: failed program was:
| /* confdefs.h */
| #define PACKAGE_NAME ""
| #define PACKAGE_TARNAME ""
| #define PACKAGE_VERSION ""
| #define PACKAGE_STRING ""
| #define PACKAGE_BUGREPORT ""
| #define PACKAGE_URL ""
| #define HAVE_STDIO_H 1
| #define HAVE_STDLIB_H 1
| #define HAVE_STRING_H 1
| #define HAVE_INTTYPES_H 1
| #define HAVE_STDINT_H 1
| #define HAVE_STRINGS_H 1
| #define HAVE_SYS_STAT_H 1
| #define HAVE_SYS_TYPES_H 1
| #define HAVE_UNISTD_H 1
| #define STDC_HEADERS 1
| #define __64BIT_CPU__ 1
| #define HAVE_MATH_H 1
| #define HAVE_ICONV_H 1
| /* end confdefs.h.  */
| #include <stddef.h>
| #ifdef HAVE_STDIO_H
| # include <stdio.h>
| #endif
| #ifdef HAVE_STDLIB_H
| # include <stdlib.h>
| #endif
| #ifdef HAVE_STRING_H
| # include <string.h>
| #endif
| #ifdef HAVE_INTTYPES_H
| # include <inttypes.h>
| #endif
| #ifdef HAVE_STDINT_H
| # include <stdint.h>
| #endif
| #ifdef HAVE_STRINGS_H
| # include <strings.h>
| #endif
| #ifdef HAVE_SYS_TYPES_H
| # include <sys/types.h>
| #endif
| #ifdef HAVE_SYS_STAT_H
| # include <sys/stat.h>
| #endif
| #ifdef HAVE_UNISTD_H
| # include <unistd.h>
| #endif
| #include <pcre.h>
configure:4020: result: no
configure:4027: checking for main in -lpcre
configure:4047: clang -o conftest -I.    conftest.c -lpcre   -ldl -lm >&5
configure:4047: $? = 0
configure:4057: result: yes
configure:4069: checking for ncurses.h
configure:4069: clang -c -I.   conftest.c >&5
configure:4069: $? = 0
configure:4069: result: yes
configure:4076: checking for main in -lncurses
configure:4096: clang -o conftest -I.    conftest.c -lncurses   -ldl -lm -lpcre >&5
configure:4096: $? = 0
configure:4106: result: yes
configure:4161: checking for readline/readline.h
configure:4161: clang -c -I.   conftest.c >&5
configure:4161: $? = 0
configure:4161: result: yes
configure:4168: checking for main in -lreadline
configure:4188: clang -o conftest -I.    conftest.c -lreadline   -ldl -lm -lpcre -lncurses >&5
configure:4188: $? = 0
configure:4198: result: yes
configure:4207: checking for main in -lrt
configure:4227: clang -o conftest -I.    conftest.c -lrt   -ldl -lm -lpcre -lncurses -lreadline >&5
ld: library 'rt' not found
clang: error: linker command failed with exit code 1 (use -v to see invocation)
configure:4227: $? = 1
configure: failed program was:
| /* confdefs.h */
| #define PACKAGE_NAME ""
| #define PACKAGE_TARNAME ""
| #define PACKAGE_VERSION ""
| #define PACKAGE_STRING ""
| #define PACKAGE_BUGREPORT ""
| #define PACKAGE_URL ""
| #define HAVE_STDIO_H 1
| #define HAVE_STDLIB_H 1
| #define HAVE_STRING_H 1
| #define HAVE_INTTYPES_H 1
| #define HAVE_STDINT_H 1
| #define HAVE_STRINGS_H 1
| #define HAVE_SYS_STAT_H 1
| #define HAVE_SYS_TYPES_H 1
| #define HAVE_UNISTD_H 1
| #define STDC_HEADERS 1
| #define __64BIT_CPU__ 1
| #define HAVE_MATH_H 1
| #define HAVE_ICONV_H 1
| #define HAVE_NCURSESW_H 1
| #define HAVE_READLINE_H 1
| /* end confdefs.h.  */
| 
| 
| int
| main (void)
| {
| return main ();
|   ;
|   return 0;
| }
configure:4237: result: no
configure:4246: checking for pthread.h
configure:4246: clang -c -I.   conftest.c >&5
configure:4246: $? = 0
configure:4246: result: yes
configure:4253: checking for main in -lpthread
configure:4273: clang -o conftest -I.    conftest.c -lpthread   -ldl -lm -lpcre -lncurses -lreadline >&5
configure:4273: $? = 0
configure:4283: result: yes
configure:4302: checking for lchmod
configure:4302: clang -o conftest -I.    conftest.c  -ldl -lm -lpcre -lncurses -lreadline -lpthread >&5
configure:4302: $? = 0
configure:4302: result: yes
configure:4309: checking for execvpe
configure:4309: clang -o conftest -I.    conftest.c  -ldl -lm -lpcre -lncurses -lreadline -lpthread >&5
ld: Undefined symbols:
  _execvpe, referenced from:
      _main in conftest-e638f5.o
clang: error: linker command failed with exit code 1 (use -v to see invocation)
configure:4309: $? = 1
configure: failed program was:
| /* confdefs.h */
| #define PACKAGE_NAME ""
| #define PACKAGE_TARNAME ""
| #define PACKAGE_VERSION ""
| #define PACKAGE_STRING ""
| #define PACKAGE_BUGREPORT ""
| #define PACKAGE_URL ""
| #define HAVE_STDIO_H 1
| #define HAVE_STDLIB_H 1
| #define HAVE_STRING_H 1
| #define HAVE_INTTYPES_H 1
| #define HAVE_STDINT_H 1
| #define HAVE_STRINGS_H 1
| #define HAVE_SYS_STAT_H 1
| #define HAVE_SYS_TYPES_H 1
| #define HAVE_UNISTD_H 1
| #define STDC_HEADERS 1
| #define __64BIT_CPU__ 1
| #define HAVE_MATH_H 1
| #define HAVE_ICONV_H 1
| #define HAVE_NCURSESW_H 1
| #define HAVE_READLINE_H 1
| #define HAVE_PTHREAD_H 1
| #define HAVE_LCHMOD 1
| /* end confdefs.h.  */
| /* Define execvpe to an innocuous variant, in case <limits.h> declares execvpe.
|    For example, HP-UX 11i <limits.h> declares gettimeofday.  */
| #define execvpe innocuous_execvpe
| 
| /* System header to define __stub macros and hopefully few prototypes,
|    which can conflict with char execvpe (); below.  */
| 
| #include <limits.h>
| #undef execvpe
| 
| /* Override any GCC internal prototype to avoid an error.
|    Use char because int might match the return type of a GCC
|    builtin and then its argument prototype would still apply.  */
| #ifdef __cplusplus
| extern "C"
| #endif
| char execvpe ();
| /* The GNU C library defines this for functions which it implements
|     to always fail with ENOSYS.  Some functions are actually named
|     something starting with __ and the normal name is an alias.  */
| #if defined __stub_execvpe || defined __stub___execvpe
| choke me
| #endif
| 
| int
| main (void)
| {
| return execvpe ();
|   ;
|   return 0;
| }
configure:4309: result: no
configure:4436: creating ./config.status

## ---------------------- ##
## Running config.status. ##
## ---------------------- ##

This file was extended by config.status, which was
generated by GNU Autoconf 2.71.  Invocation command line was

  CONFIG_FILES    = 
  CONFIG_HEADERS  = 
  CONFIG_LINKS    = 
  CONFIG_COMMANDS = 
  $ ./config.status 

on mac-mini.local

config.status:801: creating Makefile
config.status:801: creating config.h

## ---------------- ##
## Cache variables. ##
## ---------------- ##

ac_cv_c_bigendian=no
ac_cv_c_compiler_gnu=yes
ac_cv_env_CC_set=
ac_cv_env_CC_value=
ac_cv_env_CFLAGS_set=
ac_cv_env_CFLAGS_value=
ac_cv_env_CPPFLAGS_set=
ac_cv_env_CPPFLAGS_value=
ac_cv_env_LDFLAGS_set=
ac_cv_env_LDFLAGS_value=
ac_cv_env_LIBS_set=
ac_cv_env_LIBS_value=
ac_cv_env_build_alias_set=
ac_cv_env_build_alias_value=
ac_cv_env_host_alias_set=
ac_cv_env_host_alias_value=
ac_cv_env_target_alias_set=
ac_cv_env_target_alias_value=
ac_cv_func_execvpe=no
ac_cv_func_lchmod=yes
ac_cv_header_iconv_h=yes
ac_cv_header_inttypes_h=yes
ac_cv_header_math_h=yes
ac_cv_header_ncurses_h=yes
ac_cv_header_pcre_h=no
ac_cv_header_pthread_h=yes
ac_cv_header_readline_readline_h=yes
ac_cv_header_stdint_h=yes
ac_cv_header_stdio_h=yes
ac_cv_header_stdlib_h=yes
ac_cv_header_string_h=yes
ac_cv_header_strings_h=yes
ac_cv_header_sys_stat_h=yes
ac_cv_header_sys_types_h=yes
ac_cv_header_unistd_h=yes
ac_cv_lib_dl=ac_cv_lib_dl_main
ac_cv_lib_dl_main=yes
ac_cv_lib_m=ac_cv_lib_m_main
ac_cv_lib_m_main=yes
ac_cv_lib_ncurses=ac_cv_lib_ncurses_main
ac_cv_lib_ncurses_main=yes
ac_cv_lib_pcre=ac_cv_lib_pcre_main
ac_cv_lib_pcre_main=yes
ac_cv_lib_pthread=ac_cv_lib_pthread_main
ac_cv_lib_pthread_main=yes
ac_cv_lib_readline=ac_cv_lib_readline_main
ac_cv_lib_readline_main=yes
ac_cv_lib_rt=ac_cv_lib_rt_main
ac_cv_lib_rt_main=no
ac_cv_objext=o
ac_cv_path_install='/usr/bin/install -c'
ac_cv_prog_ac_ct_CC=gcc
ac_cv_prog_cc_c11=
ac_cv_prog_cc_g=yes
ac_cv_prog_cc_stdc=

## ----------------- ##
## Output variables. ##
## ----------------- ##

CC='clang'
CFLAGS='-I. '
CPPFLAGS=''
DEFS='-DHAVE_CONFIG_H'
DESTDIR='/usr/local'
ECHO_C='\c'
ECHO_N=''
ECHO_T=''
EXEEXT=''
INSTALL_DATA='${INSTALL} -m 644'
INSTALL_PROGRAM='${INSTALL}'
INSTALL_SCRIPT='${INSTALL}'
LDFLAGS=''
LIBOBJS=''
LIBS=' -ldl -lm -lpcre -lncurses -lreadline -lpthread'
LTLIBOBJS=''
OBJEXT='o'
OS=''
PACKAGE_BUGREPORT=''
PACKAGE_NAME=''
PACKAGE_STRING=''
PACKAGE_TARNAME=''
PACKAGE_URL=''
PACKAGE_VERSION=''
PATH_SEPARATOR=':'
SHELL='/bin/sh'
ac_ct_CC='gcc'
bindir='${exec_prefix}/bin'
build_alias=''
datadir='${datarootdir}'
datarootdir='${prefix}/share'
docdir='${datarootdir}/doc/${PACKAGE}'
dvidir='${docdir}'
exec_prefix='${prefix}'
host_alias=''
htmldir='${docdir}'
includedir='${prefix}/include'
infodir='${datarootdir}/info'
libdir='${exec_prefix}/lib'
libexecdir='${exec_prefix}/libexec'
localedir='${datarootdir}/locale'
localstatedir='${prefix}/var'
mandir='${datarootdir}/man'
oldincludedir='/usr/include'
pdfdir='${docdir}'
prefix='/usr/local'
program_transform_name='s,x,x,'
psdir='${docdir}'
runstatedir='${localstatedir}/run'
sbindir='${exec_prefix}/sbin'
sharedstatedir='${prefix}/com'
sysconfdir='${prefix}/etc'
target_alias=''

## ----------- ##
## confdefs.h. ##
## ----------- ##

/* confdefs.h */
#define PACKAGE_NAME ""
#define PACKAGE_TARNAME ""
#define PACKAGE_VERSION ""
#define PACKAGE_STRING ""
#define PACKAGE_BUGREPORT ""
#define PACKAGE_URL ""
#define HAVE_STDIO_H 1
#define HAVE_STDLIB_H 1
#define HAVE_STRING_H 1
#define HAVE_INTTYPES_H 1
#define HAVE_STDINT_H 1
#define HAVE_STRINGS_H 1
#define HAVE_SYS_STAT_H 1
#define HAVE_SYS_TYPES_H 1
#define HAVE_UNISTD_H 1
#define STDC_HEADERS 1
#define __64BIT_CPU__ 1
#define HAVE_MATH_H 1
#define HAVE_ICONV_H 1
#define HAVE_NCURSESW_H 1
#define HAVE_READLINE_H 1
#define HAVE_PTHREAD_H 1
#define HAVE_LCHMOD 1

configure: exit 0
